<?xml version="1.0" encoding="UTF-8"?>
<!-- Generated by org.testng.reporters.JUnitXMLReporter -->
<testsuite hostname="DESKTOP-EU95VSH" ignored="3" name="这些是测试模块" tests="1" failures="0" timestamp="01 九月 2019 09:50:16 GMT" time="0.022" errors="0">
  <testcase name="test2" time="0.004" classname="com.tester.extend.demo.TestMethodsDemo"/>
  <testcase name="test1" time="0.0" classname="com.tester.extend.demo.TestMethodsDemo">
    <ignored/>
  </testcase> <!-- test1 -->
  <testcase name="test3" time="0.0" classname="com.tester.extend.demo.TestMethodsDemo">
    <ignored/>
  </testcase> <!-- test3 -->
  <testcase name="logDemo" time="0.0" classname="com.tester.extend.demo.TestMethodsDemo">
    <ignored/>
  </testcase> <!-- logDemo -->
</testsuite> <!-- 这些是测试模块 -->
