<?xml version="1.0" encoding="UTF-8"?>
<testng-results skipped="0" failed="0" ignored="3" total="4" passed="1">
  <reporter-output>
  </reporter-output>
  <suite name="我自己的接口测试套件" duration-ms="22" started-at="2019-09-01T09:50:16Z" finished-at="2019-09-01T09:50:16Z">
    <groups>
    </groups>
    <test name="这些是测试模块" duration-ms="22" started-at="2019-09-01T09:50:16Z" finished-at="2019-09-01T09:50:16Z">
      <class name="com.tester.extend.demo.TestMethodsDemo">
        <test-method status="PASS" signature="test2()[pri:0, instance:com.tester.extend.demo.TestMethodsDemo@4411d970]" name="test2" duration-ms="4" started-at="2019-09-01T17:50:16Z" finished-at="2019-09-01T17:50:16Z">
          <reporter-output>
          </reporter-output>
        </test-method> <!-- test2 -->
      </class> <!-- com.tester.extend.demo.TestMethodsDemo -->
    </test> <!-- 这些是测试模块 -->
  </suite> <!-- 我自己的接口测试套件 -->
</testng-results>
